
Optimize a model with 161 rows, 210 columns and 1289 nonzeros
Coefficient statistics:
  Matrix range    [1e+00, 1e+04]
  Objective range [5e-01, 5e-01]
  Bounds range    [1e+00, 1e+04]
  RHS range       [1e+00, 1e+04]
Found heuristic solution: objective 492
Presolve removed 4 rows and 1 columns
Presolve time: 0.01s
Presolved: 157 rows, 209 columns, 1084 nonzeros
Variable types: 132 continuous, 77 integer (75 binary)

Root relaxation: objective 2.778821e+01, 216 iterations, 0.00 seconds

    Nodes    |    Current Node    |     Objective Bounds      |     Work
 Expl Unexpl |  Obj  Depth IntInf | Incumbent    BestBd   Gap | It/Node Time

     0     0   27.78821    0   21  492.00000   27.78821  94.4%     -    0s
     0     0   84.52126    0   22  492.00000   84.52126  82.8%     -    0s
     0     0   85.60245    0   24  492.00000   85.60245  82.6%     -    0s
     0     0   91.52768    0   25  492.00000   91.52768  81.4%     -    0s
     0     0   91.54439    0   25  492.00000   91.54439  81.4%     -    0s
H    0     0                     469.5000000   91.54439  80.5%     -    0s
     0     0   93.98846    0   26  469.50000   93.98846  80.0%     -    0s
     0     0   96.01118    0   27  469.50000   96.01118  79.6%     -    0s
     0     0   96.71792    0   25  469.50000   96.71792  79.4%     -    0s
     0     0   99.62318    0   27  469.50000   99.62318  78.8%     -    0s
H    0     0                     454.0000000   99.62318  78.1%     -    0s
     0     0   99.64961    0   28  454.00000   99.64961  78.1%     -    0s
     0     0   99.94106    0   28  454.00000   99.94106  78.0%     -    0s
     0     0   99.94106    0   28  454.00000   99.94106  78.0%     -    0s
H    0     2                     411.0000000   99.94106  75.7%     -    0s
     0     2   99.94106    0   28  411.00000   99.94106  75.7%     -    0s
H   27    10                     386.0000000  101.53326  73.7%  38.0    0s
H   97    91                     382.0000000  101.53326  73.4%  19.5    0s
H  129   108                     349.0000000  102.61461  70.6%  20.2    0s
H  156   111                     321.0000000  102.61461  68.0%  22.5    0s
H  291   233                     319.0000000  104.95694  67.1%  19.2    0s
H  760   489                     311.0000000  133.47696  57.1%  19.7    0s
H  808   495                     294.0000000  161.63250  45.0%  23.6    1s
H 1596   747                     292.5000000  236.45007  19.2%  25.7    2s
H 2928  1285                     290.0000000  241.90272  16.6%  24.3    2s
  8659  3782  281.33333   43   10  290.00000  253.87998  12.5%  23.8    5s
 21253  6710     cutoff   32       290.00000  264.38066  8.83%  22.4   10s
*35848  5463              39     289.0000000  274.15434  5.14%  21.8   14s
H35872  5141                     287.5000000  274.15434  4.64%  21.8   15s

Cutting planes:
  Gomory: 3
  MIR: 71
  Flow cover: 115
  Flow path: 13
  Zero half: 21
  Network: 22

Explored 44560 nodes (909826 simplex iterations) in 17.75 seconds
Thread count was 4 (of 4 available processors)

Optimal solution found (tolerance 1.00e-04)
Best objective 2.875000000000e+02, best bound 2.875000000000e+02, gap 0.0%
Tempo: 58.62 segundos

0 7 58 31 29 
1 2 16 30 81 
2 4 4 39 2 
2 10 4 13 38 
2 11 63 14 14 
3 6 9 15 36 
4 5 12 60 9 
5 9 25 21 24 
6 11 24 8 20 
7 8 45 28 14 
8 9 24 32 15 
(284 291 282 )

