================== Populaçao gerada pelos vetores direcionais do SPEA/R ================== 
7 23 16 9 22 69 
7 9 10 30 54 17 
9 12 22 14 33 34 
12 25 4 20 6 37 
18 25 7 63 10 3 
12 20 2 53 14 31 
20 21 31 11 6 39 
21 26 24 5 39 28 
2 21 2 1 58 46 
2 8 31 26 9 6 
8 13 28 9 19 29 
2 24 1 53 5 43 
24 28 7 6 2 20 
6 28 13 3 18 41 
1 28 34 14 18 11 
1 5 4 58 11 6 
0 24 17 38 23 12 
27 28 29 5 53 9 
22 28 4 14 37 45 
14 22 17 10 42 4 
19 22 19 10 36 35 
3 19 17 21 39 16 
3 16 1 6 64 31 
24 29 27 31 18 30 
4 29 19 38 19 9 
4 15 16 28 24 16 
3 17 25 13 31 46 
11 28 52 45 13 37 
10 11 33 13 49 10 
( 512 647 772 760 )
OWA pai = 766

24 28 7 6 2 20 
6 28 13 3 18 41 
1 28 34 14 18 11 
27 28 29 5 53 9 
22 28 4 14 37 45 
14 22 17 10 42 4 
19 22 19 10 36 35 
3 19 17 21 39 16 
3 16 1 6 64 31 
16 26 11 2 23 74 
21 26 24 5 39 28 
2 21 2 1 58 46 
20 21 31 11 6 39 
2 8 31 26 9 6 
8 13 28 9 19 29 
0 13 13 13 80 15 
3 17 25 13 31 46 
5 27 12 22 8 75 
4 6 6 29 26 47 
4 18 14 3 74 20 
4 15 16 28 24 16 
20 25 24 6 58 52 
12 25 4 20 6 37 
9 12 22 14 33 34 
12 23 26 8 32 42 
7 23 16 9 22 69 
25 29 16 21 37 39 
9 10 0 39 56 56 
10 11 33 13 49 10 
( 495 381 999 992 )
OWA pai = 995.5

ERROR RandomWalk cont = 1
25 29 16 21 37 39 
0 0 0 0 0 0 
0 0 0 0 0 0 
0 0 0 0 0 0 
0 0 0 0 0 0 
0 0 0 0 0 0 
0 0 0 0 0 0 
0 0 0 0 0 0 
0 0 0 0 0 0 
0 0 0 0 0 0 
0 0 0 0 0 0 
0 0 0 0 0 0 
0 0 0 0 0 0 
0 0 0 0 0 0 
0 0 0 0 0 0 
0 0 0 0 0 0 
0 0 0 0 0 0 
0 0 0 0 0 0 
0 0 0 0 0 0 
0 0 0 0 0 0 
0 0 0 0 0 0 
0 0 0 0 0 0 
0 0 0 0 0 0 
0 0 0 0 0 0 
0 0 0 0 0 0 
0 0 0 0 0 0 
0 0 0 0 0 0 
0 0 0 0 0 0 
0 0 0 0 0 0 
( 16 21 37 39 )
OWA NOVA = 38
