6648.88
9496.00
7658.75
17232.37
17232.37
5931.00
5931.00
5931.00
6550.80
2435.60
1528.40
5931.00
4278.50
10342.19
11689.50
8354.20
8354.20
2892.62
8148.40
15561.40
13514.00
6679.00
4300.80
4362.00
6882.00
5126.75
5126.75
5126.75
1301.22
1301.22
4723.01
4611.20
850.00
419.60
828.25
12582.75
9523.25
9527.25
5900.00
5900.00
5922.50
1681.50
4279.50
5922.50
1681.50
1679.00
1681.50
1678.00
1686.00
1681.50
1675.00
1685.00
1676.50
1676.50
5896.50
5894.00
5902.50
5896.00
5893.50
5879.50
5898.50
5879.50
5879.50
1676.00
1675.00
1676.00
7305.88
5124.50
5124.50
5125.50
5116.50
3614.40
3616.40
3614.60
3614.40
3614.40
3614.40
5116.50
4615.60
6608.00
6778.80
6608.00
4315.30
9353.20
860.40
5116.50
4729.18
4737.34
17506.65
12471.88
15670.36
12306.60
12373.20
12306.60
24392.00
24392.00
24616.80
12306.60
17506.65
15670.36
3935.50
10353.85
11708.00
2895.50
8172.00
8273.20
8294.40
8126.20
2153.10
2894.00
5907.00
5908.00
1675.00
7305.33
6508.20
5978.20
10826.40
1800.75
7307.66
7304.77
7307.66
7304.77
17506.87
17505.54
2818.38
2504.00
2526.75
2504.00
2498.75
2515.25
1848.17
707.25
1848.17
1853.50
706.50
709.25
706.50
2371.30
2345.20
2819.12
21404.25
5765.20
218.40
4737.20
78.40
16095.80
