2544.50
1853.84
712.00
719.25
717.25
720.00
717.75
716.75
2470.50
1941.67
734.50
1941.67
1947.67
1946.50
2840.00
2010.00
780.50
3354.12
4881.00
3478.20
4881.00
4879.00
4873.00
2375.80
1695.20
1707.00
1767.60
1719.00
1706.60
1710.20
1729.80
221.60
220.20
1711.80
1717.90
4000.40
3995.80
4844.60
4842.00
5141.88
5142.00
5133.38
5138.75
5134.12
5144.38
3651.20
1301.33
6955.60
7005.80
7082.20
6940.00
5376.77
4974.60
4748.34
3175.00
1271.00
4425.00
4393.50
3552.75
1310.67
4657.40
4691.60
1355.20
1487.60
889.00
6676.80
6664.00
4379.20
9732.40
9749.80
6548.80
6558.00
6560.00
2467.80
1548.00
10904.40
10850.60
5969.50
4287.50
1695.00
6211.00
4613.00
4614.00
1812.00
7308.33
5336.50
1866.80
9320.62
8165.38
8179.88
4925.44
4925.55
8311.60
8336.00
5162.70
1097.80
6274.90
17879.20
19681.10
19693.60
13555.40
2758.75
8000.77
11791.50
10366.35
8682.00
5581.40
5518.20
2199.00
29567.70
29567.70
29567.70
29570.60
34454.40
