0.21
0.21
0.25
0.22
0.22
0.22
0.21
0.22
0.21
0.22
0.23
0.19
0.24
0.22
0.22
0.22
0.20
0.22
0.21
0.21
0.21
0.18
0.20
0.20
0.20
0.20
0.21
0.22
0.20
0.21
0.22
0.27
0.21
0.22
0.18
0.21
0.19
0.20
0.19
0.66
0.67
0.62
0.63
0.69
0.69
0.69
0.71
0.67
0.67
0.67
0.54
0.68
0.69
0.84
0.72
0.68
0.70
0.69
0.66
0.67
0.65
0.76
0.76
0.68
0.67
0.77
0.53
0.67
0.63
0.57
1.80
1.91
1.77
2.06
1.47
2.01
1.88
1.66
1.87
1.40
1.96
1.61
1.60
2.02
1.82
1.75
2.00
1.89
1.74
1.72
1.49
1.58
2.80
2.90
3.01
3.38
3.21
2.59
2.68
2.99
4.92
5.04
5.06
4.56
4.35
4.67
4.40
4.77
4.87
6.44
6.34
6.49
6.41
7.78
