425.00
423.00
423.00
423.00
423.00
424.67
423.00
423.00
423.00
423.00
423.00
3395.00
6827.00
2286.20
287.60
12661.90
21466.20
423.00
425.00
424.33
329.00
424.33
5352.99
740.67
740.67
266.00
425.00
424.33
21466.20
9436.00
6175.50
1936.00
14314.65
14730.32
19306.60
5329.40
6629.40
5205.70
19306.60
2366.40
1897.60
8241.40
7667.00
12284.40
7657.75
9485.00
17506.43
16188.50
19398.50
4837.60
16843.00
21565.60
17224.20
18184.75
12229.40
7672.25
7664.50
7678.25
7652.00
8226.40
9511.00
12243.25
6141.60
7866.50
2242.00
6324.25
6141.60
16925.80
19491.80
12243.25
12992.80
19627.00
19562.50
12994.80
12995.60
12996.20
12995.20
12995.20
12999.60
12999.60
6325.00
6344.25
6324.50
13002.20
13004.00
6330.75
6335.50
4659.51
3628.50
3628.50
12574.25
12582.50
4473.60
4248.00
4237.80
4224.40
4236.40
4513.00
4511.80
4509.20
4232.20
4250.20
12585.75
12573.00
16130.00
11084.60
9285.00
3879.75
12471.43
17507.76
4369.50
1985.40
1992.60
1993.40
1985.40
769.50
2399.00
9468.00
9468.00
9468.00
9468.00
11637.50
15688.40
10820.25
11637.50
11896.00
11637.50
11637.50
13729.00
13702.00
9455.00
1800.00
1802.50
3532.25
3627.00
3630.25
4723.68
4735.01
15649.86
