1.22
1.31
1.22
1.25
1.28
1.30
1.26
1.34
1.37
1.29
1.22
47.78
47.53
3.46
3.21
74.84
77.89
1.26
1.31
1.22
1.27
1.24
10.26
1.55
0.98
1.16
1.30
1.21
67.15
26.31
14.49
14.40
14.25
15.27
15.08
15.45
16.02
15.31
14.36
1.21
1.31
27.94
27.85
107.81
50.30
27.68
105.81
76.71
122.15
141.54
143.72
147.04
147.47
154.22
154.04
27.49
40.53
8.18
33.90
34.61
33.69
33.94
33.11
33.76
33.73
33.90
33.54
33.89
35.17
34.12
33.69
34.31
33.39
33.02
52.69
43.36
249.80
178.62
151.74
73.50
74.99
31.61
48.06
51.43
50.06
47.77
48.67
213.21
129.67
130.41
108.53
57.73
53.96
191.66
134.90
124.08
120.03
24.20
23.48
23.70
67.22
130.00
137.95
116.81
136.99
129.06
135.86
136.67
205.43
190.32
201.70
6.58
6.72
6.89
6.60
6.74
43.66
47.70
43.85
43.25
45.06
46.34
45.70
47.39
45.69
1.27
47.48
51.51
94.39
30.35
15.17
7.68
7.86
3.38
37.82
50.70
4.76
12.00
62.49
