17.14
17.31
16.97
76.56
77.12
9.81
9.80
11.01
9.82
9.94
9.66
9.68
9.73
25.86
26.61
26.72
26.56
27.10
26.60
26.66
26.78
5.28
5.24
5.27
5.36
5.18
5.22
5.20
5.12
5.05
5.32
5.13
0.66
0.68
0.70
50.41
47.67
47.69
10.31
9.84
10.10
10.10
10.52
10.06
10.15
13.08
10.01
12.90
12.79
10.16
10.22
13.24
18.92
18.75
19.32
10.19
9.88
10.00
10.10
10.07
9.87
9.96
10.06
10.12
10.12
10.00
10.23
5.50
5.24
5.15
5.23
5.27
5.13
5.24
5.25
5.17
5.27
5.27
5.20
5.45
5.34
5.24
5.25
5.38
5.15
5.04
5.40
5.12
65.21
65.64
65.59
65.32
26.53
59.45
63.83
62.15
64.27
69.69
66.45
66.31
82.59
26.74
27.45
26.80
26.78
26.18
26.21
27.14
26.82
27.15
10.06
10.12
10.04
10.38
10.37
10.16
10.37
9.88
9.98
13.05
8.25
13.37
77.50
60.99
1.98
2.02
3.01
2.05
1.72
1.75
1.79
1.70
1.78
2.07
2.05
1.74
2.09
2.05
2.11
2.02
86.67
84.76
2.06
2.19
1.77
26.38
