871.50
280.00
280.00
280.00
280.00
280.00
280.00
280.00
280.00
280.00
280.00
665.00
665.00
665.00
665.00
666.00
666.00
666.00
666.00
666.00
666.00
662.00
666.00
666.00
662.00
666.00
665.50
665.50
656.00
280.00
649.50
873.25
865.75
850.50
840.75
873.25
873.25
873.25
868.25
851.75
853.75
848.50
822.50
840.00
822.50
867.50
848.50
280.00
1123.67
1125.84
837.50
836.00
354.50
2248.75
7676.25
7676.25
7692.00
7693.25
7665.25
7665.25
7692.00
822.50
842.75
822.50
1125.84
7666.00
2247.75
6372.75
6372.75
822.50
655.50
683.50
