2.26
2.28
2.25
2.23
2.25
2.25
2.34
2.22
2.32
2.38
2.35
2.42
2.30
2.32
2.31
2.37
2.26
2.27
2.24
2.35
2.32
2.23
2.33
2.27
2.34
2.28
2.37
2.28
2.25
2.24
2.24
2.28
2.29
2.25
6.74
3.80
7.00
31.29
3.80
3.78
3.79
3.83
3.75
3.79
3.77
3.88
3.92
3.92
4.69
4.82
4.68
4.70
4.68
59.19
59.11
58.44
58.91
64.77
2.46
2.40
58.51
3.70
0.04
3.88
4.78
59.42
60.88
62.20
57.49
3.77
3.88
3.88
3.71
3.89
3.60
3.62
3.66
3.91
3.65
3.68
3.68
3.79
3.78
3.74
59.16
56.89
58.89
59.14
58.68
58.46
58.23
60.18
58.58
60.13
59.02
58.67
59.89
60.27
59.60
60.41
61.47
58.66
59.95
58.74
3.79
3.76
3.87
3.86
3.80
10.16
10.21
10.51
10.22
10.12
20.77
21.03
20.57
33.62
32.68
32.98
33.13
33.05
34.63
34.46
35.38
34.70
60.46
61.23
60.78
61.96
61.21
63.10
62.16
62.40
60.66
61.55
60.45
60.57
63.17
62.65
63.57
100.80
95.61
97.09
96.09
94.59
95.28
96.79
94.49
100.25
91.02
89.09
88.77
124.10
123.98
123.15
126.16
125.25
134.39
123.44
122.56
125.14
122.06
126.44
131.60
131.76
135.84
134.70
135.41
132.73
133.27
179.12
171.72
178.86
175.04
178.59
175.14
177.78
176.56
178.48
179.00
183.77
182.26
181.33
182.50
180.89
179.52
184.40
10.69
10.92
10.70
11.05
11.00
11.01
10.76
10.66
10.64
10.68
10.87
10.36
10.88
10.84
10.80
9.38
9.36
9.46
9.41
9.42
9.53
19.19
18.43
19.00
18.75
18.68
18.50
18.77
18.54
18.66
18.57
18.37
18.68
18.67
18.29
18.63
18.64
18.60
18.44
5.09
4.98
4.96
4.98
5.03
5.29
5.02
5.03
4.90
5.52
4.96
4.90
5.01
4.93
4.95
5.13
4.96
4.89
4.11
4.24
4.15
4.19
4.33
4.14
4.15
4.18
4.07
4.20
4.35
4.36
4.14
4.09
4.06
4.19
4.15
4.10
4.17
4.07
3.93
4.13
69.50
77.08
161.08
